<?xml version="1.0" encoding="UTF-8"?>
<!-- Generated by org.testng.reporters.JUnitXMLReporter -->
<testsuite hostname="Jardom" ignored="0" name="Test" tests="11" failures="0" timestamp="2022-04-08T16:03:40 ICT" time="80.56" errors="0">
  <testcase name="test" time="0.892" classname="qaautomation.march2022.AppTestAfterRefactor"/>
  <testcase name="test2" time="0.838" classname="qaautomation.march2022.AppTestAfterRefactor"/>
  <testcase name="test3" time="0.121" classname="qaautomation.march2022.AppTestAfterRefactor"/>
  <testcase name="LoginToWebAndSuccess" time="0.924" classname="qaautomation.march2022.AppTestAfterPOM"/>
  <testcase name="LoginToWebInvalidPassword" time="0.91" classname="qaautomation.march2022.AppTestAfterPOM"/>
  <testcase name="LoginToWebInvalidUsername" time="0.889" classname="qaautomation.march2022.AppTestAfterPOM"/>
  <testcase name="LoginToWebWithoutClickLoginButton" time="0.231" classname="qaautomation.march2022.AppTestAfterPOM"/>
  <testcase name="LoginToWebAndSuccess" time="0.799" classname="qaautomation.march2022.AppTestAfterPageFactory"/>
  <testcase name="LoginToWebInvalidUsername" time="0.779" classname="qaautomation.march2022.AppTestAfterPageFactory"/>
  <testcase name="LoginToWebInvalidPassword" time="0.836" classname="qaautomation.march2022.AppTestAfterPageFactory"/>
  <testcase name="LoginToWebWithoutClickLoginButton" time="0.115" classname="qaautomation.march2022.AppTestAfterPageFactory"/>
</testsuite> <!-- Test -->
