<?xml version="1.0" encoding="UTF-8"?>
<!-- Generated by org.testng.reporters.JUnitXMLReporter -->
<testsuite hostname="Jardom" ignored="0" name="Test" tests="3" failures="0" timestamp="29 Apr 2022 05:22:14 GMT" time="3.453" errors="0">
  <testcase name="@BeforeMethod login" time="3.298" classname="qaautomation.march2022.BaseAPITest">
    <failure type="java.lang.IllegalArgumentException" message="Header value cannot be null">
      <![CDATA[java.lang.IllegalArgumentException: Header value cannot be null
at org.codehaus.groovy.runtime.callsite.ConstructorSite$ConstructorSiteNoUnwrap.callConstructor(ConstructorSite.java:84)
at org.codehaus.groovy.runtime.callsite.CallSiteArray.defaultCallConstructor(CallSiteArray.java:59)
at org.codehaus.groovy.runtime.callsite.AbstractCallSite.callConstructor(AbstractCallSite.java:263)
at org.codehaus.groovy.runtime.callsite.AbstractCallSite.callConstructor(AbstractCallSite.java:277)
at io.restassured.internal.common.assertion.AssertParameter.notNull(AssertParameter.groovy:26)
at io.restassured.internal.common.assertion.AssertParameter$notNull.callStatic(Unknown Source)
at org.codehaus.groovy.runtime.callsite.CallSiteArray.defaultCallStatic(CallSiteArray.java:55)
at io.restassured.internal.common.assertion.AssertParameter$notNull.callStatic(Unknown Source)
at io.restassured.internal.RequestSpecificationImpl.header(RequestSpecificationImpl.groovy:845)
at io.restassured.builder.RequestSpecBuilder.addHeader(RequestSpecBuilder.java:657)
at qaautomation.march2022.BaseAPITest.login(BaseAPITest.java:27)
at java.util.concurrent.ThreadPoolExecutor.runWorker(ThreadPoolExecutor.java:1149)
at java.util.concurrent.ThreadPoolExecutor$Worker.run(ThreadPoolExecutor.java:624)
at java.lang.Thread.run(Thread.java:748)
... Removed 19 stack frames]]>
    </failure>
  </testcase> <!-- @BeforeMethod login -->
  <testcase name="@BeforeMethod login" time="0.0" classname="qaautomation.march2022.BaseAPITest">
    <skipped/>
  </testcase> <!-- @BeforeMethod login -->
  <testcase name="@BeforeMethod login" time="0.0" classname="qaautomation.march2022.BaseAPITest">
    <skipped/>
  </testcase> <!-- @BeforeMethod login -->
  <testcase name="testDashboardAPI" time="0.0" classname="qaautomation.march2022.APITestAfterRefactor">
    <skipped/>
  </testcase> <!-- testDashboardAPI -->
  <testcase name="testDashboardWithoutParam" time="0.0" classname="qaautomation.march2022.APITestAfterRefactor">
    <skipped/>
  </testcase> <!-- testDashboardWithoutParam -->
  <testcase name="testDashboardWithoutToken" time="0.0" classname="qaautomation.march2022.APITestAfterRefactor">
    <skipped/>
  </testcase> <!-- testDashboardWithoutToken -->
</testsuite> <!-- Test -->
